{"C:\\Users\\janja\\HealthTrackPro\\backend\\server.js": {"path":"C:\\Users\\janja\\HealthTrackPro\\backend\\server.js","statementMap":{"0":{"start":{"line":2,"column":16},"end":{"line":2,"column":34}},"1":{"start":{"line":3,"column":17},"end":{"line":3,"column":36}},"2":{"start":{"line":4,"column":13},"end":{"line":4,"column":28}},"3":{"start":{"line":5,"column":15},"end":{"line":5,"column":34}},"4":{"start":{"line":6,"column":12},"end":{"line":6,"column":35}},"5":{"start":{"line":7,"column":15},"end":{"line":7,"column":32}},"6":{"start":{"line":8,"column":12},"end":{"line":8,"column":26}},"7":{"start":{"line":9,"column":0},"end":{"line":9,"column":27}},"8":{"start":{"line":12,"column":12},"end":{"line":12,"column":21}},"9":{"start":{"line":13,"column":13},"end":{"line":13,"column":37}},"10":{"start":{"line":16,"column":0},"end":{"line":16,"column":18}},"11":{"start":{"line":17,"column":0},"end":{"line":17,"column":51}},"12":{"start":{"line":18,"column":0},"end":{"line":18,"column":24}},"13":{"start":{"line":21,"column":25},"end":{"line":29,"column":1}},"14":{"start":{"line":22,"column":2},"end":{"line":28,"column":7}},"15":{"start":{"line":24,"column":16},"end":{"line":24,"column":51}},"16":{"start":{"line":26,"column":6},"end":{"line":26,"column":82}},"17":{"start":{"line":27,"column":6},"end":{"line":27,"column":41}},"18":{"start":{"line":30,"column":0},"end":{"line":30,"column":19}},"19":{"start":{"line":33,"column":0},"end":{"line":36,"column":3}},"20":{"start":{"line":34,"column":2},"end":{"line":34,"column":72}},"21":{"start":{"line":35,"column":2},"end":{"line":35,"column":9}},"22":{"start":{"line":39,"column":13},"end":{"line":57,"column":1}},"23":{"start":{"line":49,"column":28},"end":{"line":49,"column":64}},"24":{"start":{"line":59,"column":16},"end":{"line":76,"column":1}},"25":{"start":{"line":78,"column":22},"end":{"line":93,"column":1}},"26":{"start":{"line":97,"column":26},"end":{"line":113,"column":1}},"27":{"start":{"line":98,"column":21},"end":{"line":98,"column":49}},"28":{"start":{"line":99,"column":16},"end":{"line":99,"column":54}},"29":{"start":{"line":101,"column":2},"end":{"line":103,"column":3}},"30":{"start":{"line":102,"column":4},"end":{"line":102,"column":81}},"31":{"start":{"line":105,"column":2},"end":{"line":112,"column":3}},"32":{"start":{"line":106,"column":21},"end":{"line":106,"column":84}},"33":{"start":{"line":107,"column":4},"end":{"line":107,"column":24}},"34":{"start":{"line":108,"column":4},"end":{"line":108,"column":11}},"35":{"start":{"line":110,"column":4},"end":{"line":110,"column":49}},"36":{"start":{"line":111,"column":4},"end":{"line":111,"column":88}},"37":{"start":{"line":118,"column":0},"end":{"line":147,"column":3}},"38":{"start":{"line":119,"column":17},"end":{"line":123,"column":4}},"39":{"start":{"line":125,"column":20},"end":{"line":125,"column":45}},"40":{"start":{"line":126,"column":2},"end":{"line":128,"column":3}},"41":{"start":{"line":127,"column":4},"end":{"line":127,"column":71}},"42":{"start":{"line":130,"column":36},"end":{"line":130,"column":44}},"43":{"start":{"line":132,"column":2},"end":{"line":146,"column":3}},"44":{"start":{"line":133,"column":25},"end":{"line":133,"column":54}},"45":{"start":{"line":134,"column":4},"end":{"line":136,"column":5}},"46":{"start":{"line":135,"column":6},"end":{"line":135,"column":71}},"47":{"start":{"line":138,"column":27},"end":{"line":138,"column":58}},"48":{"start":{"line":139,"column":17},"end":{"line":139,"column":68}},"49":{"start":{"line":140,"column":4},"end":{"line":140,"column":22}},"50":{"start":{"line":142,"column":4},"end":{"line":142,"column":71}},"51":{"start":{"line":144,"column":4},"end":{"line":144,"column":48}},"52":{"start":{"line":145,"column":4},"end":{"line":145,"column":64}},"53":{"start":{"line":149,"column":0},"end":{"line":170,"column":3}},"54":{"start":{"line":150,"column":30},"end":{"line":150,"column":38}},"55":{"start":{"line":152,"column":2},"end":{"line":154,"column":3}},"56":{"start":{"line":153,"column":4},"end":{"line":153,"column":81}},"57":{"start":{"line":156,"column":2},"end":{"line":169,"column":3}},"58":{"start":{"line":157,"column":17},"end":{"line":157,"column":46}},"59":{"start":{"line":158,"column":4},"end":{"line":160,"column":5}},"60":{"start":{"line":159,"column":6},"end":{"line":159,"column":77}},"61":{"start":{"line":162,"column":18},"end":{"line":164,"column":6}},"62":{"start":{"line":166,"column":4},"end":{"line":166,"column":57}},"63":{"start":{"line":168,"column":4},"end":{"line":168,"column":62}},"64":{"start":{"line":173,"column":0},"end":{"line":187,"column":3}},"65":{"start":{"line":174,"column":56},"end":{"line":174,"column":64}},"66":{"start":{"line":176,"column":2},"end":{"line":178,"column":3}},"67":{"start":{"line":177,"column":4},"end":{"line":177,"column":72}},"68":{"start":{"line":180,"column":2},"end":{"line":186,"column":3}},"69":{"start":{"line":181,"column":20},"end":{"line":181,"column":78}},"70":{"start":{"line":182,"column":4},"end":{"line":182,"column":25}},"71":{"start":{"line":183,"column":4},"end":{"line":183,"column":78}},"72":{"start":{"line":185,"column":4},"end":{"line":185,"column":51}},"73":{"start":{"line":189,"column":0},"end":{"line":196,"column":3}},"74":{"start":{"line":190,"column":2},"end":{"line":195,"column":3}},"75":{"start":{"line":191,"column":21},"end":{"line":191,"column":41}},"76":{"start":{"line":192,"column":4},"end":{"line":192,"column":35}},"77":{"start":{"line":194,"column":4},"end":{"line":194,"column":64}},"78":{"start":{"line":198,"column":0},"end":{"line":214,"column":3}},"79":{"start":{"line":199,"column":17},"end":{"line":199,"column":27}},"80":{"start":{"line":201,"column":2},"end":{"line":203,"column":3}},"81":{"start":{"line":202,"column":4},"end":{"line":202,"column":68}},"82":{"start":{"line":205,"column":2},"end":{"line":213,"column":3}},"83":{"start":{"line":206,"column":20},"end":{"line":206,"column":46}},"84":{"start":{"line":207,"column":4},"end":{"line":209,"column":5}},"85":{"start":{"line":208,"column":6},"end":{"line":208,"column":69}},"86":{"start":{"line":210,"column":4},"end":{"line":210,"column":34}},"87":{"start":{"line":212,"column":4},"end":{"line":212,"column":64}},"88":{"start":{"line":216,"column":0},"end":{"line":230,"column":3}},"89":{"start":{"line":217,"column":17},"end":{"line":217,"column":27}},"90":{"start":{"line":218,"column":22},"end":{"line":218,"column":30}},"91":{"start":{"line":220,"column":2},"end":{"line":229,"column":3}},"92":{"start":{"line":221,"column":20},"end":{"line":221,"column":83}},"93":{"start":{"line":222,"column":4},"end":{"line":224,"column":5}},"94":{"start":{"line":223,"column":6},"end":{"line":223,"column":68}},"95":{"start":{"line":225,"column":4},"end":{"line":225,"column":34}},"96":{"start":{"line":227,"column":4},"end":{"line":227,"column":25}},"97":{"start":{"line":228,"column":4},"end":{"line":228,"column":54}},"98":{"start":{"line":232,"column":0},"end":{"line":250,"column":3}},"99":{"start":{"line":233,"column":17},"end":{"line":233,"column":27}},"100":{"start":{"line":235,"column":2},"end":{"line":237,"column":3}},"101":{"start":{"line":236,"column":4},"end":{"line":236,"column":68}},"102":{"start":{"line":239,"column":2},"end":{"line":249,"column":3}},"103":{"start":{"line":240,"column":27},"end":{"line":240,"column":62}},"104":{"start":{"line":242,"column":4},"end":{"line":244,"column":5}},"105":{"start":{"line":243,"column":6},"end":{"line":243,"column":69}},"106":{"start":{"line":246,"column":4},"end":{"line":246,"column":96}},"107":{"start":{"line":248,"column":4},"end":{"line":248,"column":64}},"108":{"start":{"line":253,"column":26},"end":{"line":258,"column":1}},"109":{"start":{"line":260,"column":0},"end":{"line":283,"column":3}},"110":{"start":{"line":261,"column":2},"end":{"line":282,"column":3}},"111":{"start":{"line":262,"column":74},"end":{"line":262,"column":82}},"112":{"start":{"line":264,"column":4},"end":{"line":266,"column":5}},"113":{"start":{"line":265,"column":6},"end":{"line":265,"column":97}},"114":{"start":{"line":268,"column":20},"end":{"line":275,"column":7}},"115":{"start":{"line":268,"column":47},"end":{"line":275,"column":5}},"116":{"start":{"line":277,"column":4},"end":{"line":277,"column":44}},"117":{"start":{"line":278,"column":4},"end":{"line":278,"column":88}},"118":{"start":{"line":280,"column":4},"end":{"line":280,"column":46}},"119":{"start":{"line":281,"column":4},"end":{"line":281,"column":51}},"120":{"start":{"line":287,"column":0},"end":{"line":294,"column":3}},"121":{"start":{"line":288,"column":2},"end":{"line":293,"column":3}},"122":{"start":{"line":289,"column":20},"end":{"line":289,"column":68}},"123":{"start":{"line":290,"column":4},"end":{"line":290,"column":34}},"124":{"start":{"line":292,"column":4},"end":{"line":292,"column":64}},"125":{"start":{"line":296,"column":0},"end":{"line":312,"column":3}},"126":{"start":{"line":297,"column":17},"end":{"line":297,"column":27}},"127":{"start":{"line":299,"column":2},"end":{"line":301,"column":3}},"128":{"start":{"line":300,"column":4},"end":{"line":300,"column":75}},"129":{"start":{"line":303,"column":2},"end":{"line":311,"column":3}},"130":{"start":{"line":304,"column":26},"end":{"line":304,"column":67}},"131":{"start":{"line":305,"column":4},"end":{"line":307,"column":5}},"132":{"start":{"line":306,"column":6},"end":{"line":306,"column":76}},"133":{"start":{"line":308,"column":4},"end":{"line":308,"column":101}},"134":{"start":{"line":310,"column":4},"end":{"line":310,"column":64}},"135":{"start":{"line":314,"column":0},"end":{"line":323,"column":3}},"136":{"start":{"line":315,"column":2},"end":{"line":322,"column":3}},"137":{"start":{"line":316,"column":26},"end":{"line":316,"column":58}},"138":{"start":{"line":317,"column":29},"end":{"line":317,"column":79}},"139":{"start":{"line":318,"column":4},"end":{"line":318,"column":50}},"140":{"start":{"line":320,"column":4},"end":{"line":320,"column":55}},"141":{"start":{"line":321,"column":4},"end":{"line":321,"column":68}},"142":{"start":{"line":326,"column":0},"end":{"line":329,"column":3}},"143":{"start":{"line":327,"column":2},"end":{"line":327,"column":49}},"144":{"start":{"line":328,"column":2},"end":{"line":328,"column":82}},"145":{"start":{"line":332,"column":0},"end":{"line":334,"column":3}},"146":{"start":{"line":333,"column":2},"end":{"line":333,"column":60}}},"fnMap":{"0":{"name":"(anonymous_0)","decl":{"start":{"line":21,"column":25},"end":{"line":21,"column":26}},"loc":{"start":{"line":21,"column":31},"end":{"line":29,"column":1}},"line":21},"1":{"name":"(anonymous_1)","decl":{"start":{"line":24,"column":10},"end":{"line":24,"column":11}},"loc":{"start":{"line":24,"column":16},"end":{"line":24,"column":51}},"line":24},"2":{"name":"(anonymous_2)","decl":{"start":{"line":25,"column":11},"end":{"line":25,"column":12}},"loc":{"start":{"line":25,"column":22},"end":{"line":28,"column":5}},"line":25},"3":{"name":"(anonymous_3)","decl":{"start":{"line":33,"column":8},"end":{"line":33,"column":9}},"loc":{"start":{"line":33,"column":28},"end":{"line":36,"column":1}},"line":33},"4":{"name":"(anonymous_4)","decl":{"start":{"line":49,"column":21},"end":{"line":49,"column":22}},"loc":{"start":{"line":49,"column":28},"end":{"line":49,"column":64}},"line":49},"5":{"name":"(anonymous_5)","decl":{"start":{"line":97,"column":26},"end":{"line":97,"column":27}},"loc":{"start":{"line":97,"column":46},"end":{"line":113,"column":1}},"line":97},"6":{"name":"(anonymous_6)","decl":{"start":{"line":118,"column":22},"end":{"line":118,"column":23}},"loc":{"start":{"line":118,"column":42},"end":{"line":147,"column":1}},"line":118},"7":{"name":"(anonymous_7)","decl":{"start":{"line":149,"column":19},"end":{"line":149,"column":20}},"loc":{"start":{"line":149,"column":39},"end":{"line":170,"column":1}},"line":149},"8":{"name":"(anonymous_8)","decl":{"start":{"line":173,"column":41},"end":{"line":173,"column":42}},"loc":{"start":{"line":173,"column":61},"end":{"line":187,"column":1}},"line":173},"9":{"name":"(anonymous_9)","decl":{"start":{"line":189,"column":40},"end":{"line":189,"column":41}},"loc":{"start":{"line":189,"column":60},"end":{"line":196,"column":1}},"line":189},"10":{"name":"(anonymous_10)","decl":{"start":{"line":198,"column":44},"end":{"line":198,"column":45}},"loc":{"start":{"line":198,"column":64},"end":{"line":214,"column":1}},"line":198},"11":{"name":"(anonymous_11)","decl":{"start":{"line":216,"column":44},"end":{"line":216,"column":45}},"loc":{"start":{"line":216,"column":64},"end":{"line":230,"column":1}},"line":216},"12":{"name":"(anonymous_12)","decl":{"start":{"line":232,"column":47},"end":{"line":232,"column":48}},"loc":{"start":{"line":232,"column":67},"end":{"line":250,"column":1}},"line":232},"13":{"name":"(anonymous_13)","decl":{"start":{"line":260,"column":29},"end":{"line":260,"column":30}},"loc":{"start":{"line":260,"column":49},"end":{"line":283,"column":1}},"line":260},"14":{"name":"(anonymous_14)","decl":{"start":{"line":268,"column":33},"end":{"line":268,"column":34}},"loc":{"start":{"line":268,"column":47},"end":{"line":275,"column":5}},"line":268},"15":{"name":"(anonymous_15)","decl":{"start":{"line":287,"column":47},"end":{"line":287,"column":48}},"loc":{"start":{"line":287,"column":67},"end":{"line":294,"column":1}},"line":287},"16":{"name":"(anonymous_16)","decl":{"start":{"line":296,"column":54},"end":{"line":296,"column":55}},"loc":{"start":{"line":296,"column":74},"end":{"line":312,"column":1}},"line":296},"17":{"name":"(anonymous_17)","decl":{"start":{"line":314,"column":51},"end":{"line":314,"column":52}},"loc":{"start":{"line":314,"column":71},"end":{"line":323,"column":1}},"line":314},"18":{"name":"(anonymous_18)","decl":{"start":{"line":326,"column":8},"end":{"line":326,"column":9}},"loc":{"start":{"line":326,"column":33},"end":{"line":329,"column":1}},"line":326},"19":{"name":"(anonymous_19)","decl":{"start":{"line":332,"column":17},"end":{"line":332,"column":18}},"loc":{"start":{"line":332,"column":23},"end":{"line":334,"column":1}},"line":332}},"branchMap":{"0":{"loc":{"start":{"line":13,"column":13},"end":{"line":13,"column":37}},"type":"binary-expr","locations":[{"start":{"line":13,"column":13},"end":{"line":13,"column":29}},{"start":{"line":13,"column":33},"end":{"line":13,"column":37}}],"line":13},"1":{"loc":{"start":{"line":99,"column":16},"end":{"line":99,"column":54}},"type":"binary-expr","locations":[{"start":{"line":99,"column":16},"end":{"line":99,"column":26}},{"start":{"line":99,"column":30},"end":{"line":99,"column":54}}],"line":99},"2":{"loc":{"start":{"line":101,"column":2},"end":{"line":103,"column":3}},"type":"if","locations":[{"start":{"line":101,"column":2},"end":{"line":103,"column":3}},{"start":{},"end":{}}],"line":101},"3":{"loc":{"start":{"line":106,"column":39},"end":{"line":106,"column":83}},"type":"binary-expr","locations":[{"start":{"line":106,"column":39},"end":{"line":106,"column":61}},{"start":{"line":106,"column":65},"end":{"line":106,"column":83}}],"line":106},"4":{"loc":{"start":{"line":126,"column":2},"end":{"line":128,"column":3}},"type":"if","locations":[{"start":{"line":126,"column":2},"end":{"line":128,"column":3}},{"start":{},"end":{}}],"line":126},"5":{"loc":{"start":{"line":134,"column":4},"end":{"line":136,"column":5}},"type":"if","locations":[{"start":{"line":134,"column":4},"end":{"line":136,"column":5}},{"start":{},"end":{}}],"line":134},"6":{"loc":{"start":{"line":152,"column":2},"end":{"line":154,"column":3}},"type":"if","locations":[{"start":{"line":152,"column":2},"end":{"line":154,"column":3}},{"start":{},"end":{}}],"line":152},"7":{"loc":{"start":{"line":152,"column":6},"end":{"line":152,"column":25}},"type":"binary-expr","locations":[{"start":{"line":152,"column":6},"end":{"line":152,"column":12}},{"start":{"line":152,"column":16},"end":{"line":152,"column":25}}],"line":152},"8":{"loc":{"start":{"line":158,"column":4},"end":{"line":160,"column":5}},"type":"if","locations":[{"start":{"line":158,"column":4},"end":{"line":160,"column":5}},{"start":{},"end":{}}],"line":158},"9":{"loc":{"start":{"line":158,"column":8},"end":{"line":158,"column":65}},"type":"binary-expr","locations":[{"start":{"line":158,"column":8},"end":{"line":158,"column":13}},{"start":{"line":158,"column":17},"end":{"line":158,"column":65}}],"line":158},"10":{"loc":{"start":{"line":162,"column":45},"end":{"line":162,"column":89}},"type":"binary-expr","locations":[{"start":{"line":162,"column":45},"end":{"line":162,"column":67}},{"start":{"line":162,"column":71},"end":{"line":162,"column":89}}],"line":162},"11":{"loc":{"start":{"line":176,"column":2},"end":{"line":178,"column":3}},"type":"if","locations":[{"start":{"line":176,"column":2},"end":{"line":178,"column":3}},{"start":{},"end":{}}],"line":176},"12":{"loc":{"start":{"line":176,"column":6},"end":{"line":176,"column":50}},"type":"binary-expr","locations":[{"start":{"line":176,"column":6},"end":{"line":176,"column":11}},{"start":{"line":176,"column":15},"end":{"line":176,"column":19}},{"start":{"line":176,"column":23},"end":{"line":176,"column":31}},{"start":{"line":176,"column":35},"end":{"line":176,"column":50}}],"line":176},"13":{"loc":{"start":{"line":201,"column":2},"end":{"line":203,"column":3}},"type":"if","locations":[{"start":{"line":201,"column":2},"end":{"line":203,"column":3}},{"start":{},"end":{}}],"line":201},"14":{"loc":{"start":{"line":207,"column":4},"end":{"line":209,"column":5}},"type":"if","locations":[{"start":{"line":207,"column":4},"end":{"line":209,"column":5}},{"start":{},"end":{}}],"line":207},"15":{"loc":{"start":{"line":222,"column":4},"end":{"line":224,"column":5}},"type":"if","locations":[{"start":{"line":222,"column":4},"end":{"line":224,"column":5}},{"start":{},"end":{}}],"line":222},"16":{"loc":{"start":{"line":235,"column":2},"end":{"line":237,"column":3}},"type":"if","locations":[{"start":{"line":235,"column":2},"end":{"line":237,"column":3}},{"start":{},"end":{}}],"line":235},"17":{"loc":{"start":{"line":242,"column":4},"end":{"line":244,"column":5}},"type":"if","locations":[{"start":{"line":242,"column":4},"end":{"line":244,"column":5}},{"start":{},"end":{}}],"line":242},"18":{"loc":{"start":{"line":264,"column":4},"end":{"line":266,"column":5}},"type":"if","locations":[{"start":{"line":264,"column":4},"end":{"line":266,"column":5}},{"start":{},"end":{}}],"line":264},"19":{"loc":{"start":{"line":264,"column":8},"end":{"line":264,"column":71}},"type":"binary-expr","locations":[{"start":{"line":264,"column":8},"end":{"line":264,"column":18}},{"start":{"line":264,"column":22},"end":{"line":264,"column":46}},{"start":{"line":264,"column":50},"end":{"line":264,"column":71}}],"line":264},"20":{"loc":{"start":{"line":299,"column":2},"end":{"line":301,"column":3}},"type":"if","locations":[{"start":{"line":299,"column":2},"end":{"line":301,"column":3}},{"start":{},"end":{}}],"line":299},"21":{"loc":{"start":{"line":305,"column":4},"end":{"line":307,"column":5}},"type":"if","locations":[{"start":{"line":305,"column":4},"end":{"line":307,"column":5}},{"start":{},"end":{}}],"line":305}},"s":{"0":1,"1":1,"2":1,"3":1,"4":1,"5":1,"6":1,"7":1,"8":1,"9":1,"10":1,"11":1,"12":1,"13":1,"14":1,"15":0,"16":0,"17":0,"18":1,"19":1,"20":0,"21":0,"22":1,"23":0,"24":1,"25":1,"26":1,"27":0,"28":0,"29":0,"30":0,"31":0,"32":0,"33":0,"34":0,"35":0,"36":0,"37":1,"38":0,"39":0,"40":0,"41":0,"42":0,"43":0,"44":0,"45":0,"46":0,"47":0,"48":0,"49":0,"50":0,"51":0,"52":0,"53":1,"54":0,"55":0,"56":0,"57":0,"58":0,"59":0,"60":0,"61":0,"62":0,"63":0,"64":1,"65":0,"66":0,"67":0,"68":0,"69":0,"70":0,"71":0,"72":0,"73":1,"74":0,"75":0,"76":0,"77":0,"78":1,"79":0,"80":0,"81":0,"82":0,"83":0,"84":0,"85":0,"86":0,"87":0,"88":1,"89":0,"90":0,"91":0,"92":0,"93":0,"94":0,"95":0,"96":0,"97":0,"98":1,"99":0,"100":0,"101":0,"102":0,"103":0,"104":0,"105":0,"106":0,"107":0,"108":1,"109":1,"110":0,"111":0,"112":0,"113":0,"114":0,"115":0,"116":0,"117":0,"118":0,"119":0,"120":1,"121":0,"122":0,"123":0,"124":0,"125":1,"126":0,"127":0,"128":0,"129":0,"130":0,"131":0,"132":0,"133":0,"134":0,"135":1,"136":0,"137":0,"138":0,"139":0,"140":0,"141":0,"142":1,"143":0,"144":0,"145":1,"146":0},"f":{"0":1,"1":0,"2":0,"3":0,"4":0,"5":0,"6":0,"7":0,"8":0,"9":0,"10":0,"11":0,"12":0,"13":0,"14":0,"15":0,"16":0,"17":0,"18":0,"19":0},"b":{"0":[1,0],"1":[0,0],"2":[0,0],"3":[0,0],"4":[0,0],"5":[0,0],"6":[0,0],"7":[0,0],"8":[0,0],"9":[0,0],"10":[0,0],"11":[0,0],"12":[0,0,0,0],"13":[0,0],"14":[0,0],"15":[0,0],"16":[0,0],"17":[0,0],"18":[0,0],"19":[0,0,0],"20":[0,0],"21":[0,0]},"_coverageSchema":"1a1c01bbd47fc00a2c39e90264f33305004495a9","hash":"9aead469fce3985d803cf3064dc6b4cc7d5eb5f3"}
}
