TN:
SF:server.js
FN:21,(anonymous_0)
FN:24,(anonymous_1)
FN:25,(anonymous_2)
FN:33,(anonymous_3)
FN:49,(anonymous_4)
FN:97,(anonymous_5)
FN:118,(anonymous_6)
FN:149,(anonymous_7)
FN:173,(anonymous_8)
FN:189,(anonymous_9)
FN:198,(anonymous_10)
FN:216,(anonymous_11)
FN:232,(anonymous_12)
FN:260,(anonymous_13)
FN:268,(anonymous_14)
FN:287,(anonymous_15)
FN:296,(anonymous_16)
FN:314,(anonymous_17)
FN:326,(anonymous_18)
FN:332,(anonymous_19)
FNF:20
FNH:1
FNDA:1,(anonymous_0)
FNDA:0,(anonymous_1)
FNDA:0,(anonymous_2)
FNDA:0,(anonymous_3)
FNDA:0,(anonymous_4)
FNDA:0,(anonymous_5)
FNDA:0,(anonymous_6)
FNDA:0,(anonymous_7)
FNDA:0,(anonymous_8)
FNDA:0,(anonymous_9)
FNDA:0,(anonymous_10)
FNDA:0,(anonymous_11)
FNDA:0,(anonymous_12)
FNDA:0,(anonymous_13)
FNDA:0,(anonymous_14)
FNDA:0,(anonymous_15)
FNDA:0,(anonymous_16)
FNDA:0,(anonymous_17)
FNDA:0,(anonymous_18)
FNDA:0,(anonymous_19)
DA:2,1
DA:3,1
DA:4,1
DA:5,1
DA:6,1
DA:7,1
DA:8,1
DA:9,1
DA:12,1
DA:13,1
DA:16,1
DA:17,1
DA:18,1
DA:21,1
DA:22,1
DA:24,0
DA:26,0
DA:27,0
DA:30,1
DA:33,1
DA:34,0
DA:35,0
DA:39,1
DA:49,0
DA:59,1
DA:78,1
DA:97,1
DA:98,0
DA:99,0
DA:101,0
DA:102,0
DA:105,0
DA:106,0
DA:107,0
DA:108,0
DA:110,0
DA:111,0
DA:118,1
DA:119,0
DA:125,0
DA:126,0
DA:127,0
DA:130,0
DA:132,0
DA:133,0
DA:134,0
DA:135,0
DA:138,0
DA:139,0
DA:140,0
DA:142,0
DA:144,0
DA:145,0
DA:149,1
DA:150,0
DA:152,0
DA:153,0
DA:156,0
DA:157,0
DA:158,0
DA:159,0
DA:162,0
DA:166,0
DA:168,0
DA:173,1
DA:174,0
DA:176,0
DA:177,0
DA:180,0
DA:181,0
DA:182,0
DA:183,0
DA:185,0
DA:189,1
DA:190,0
DA:191,0
DA:192,0
DA:194,0
DA:198,1
DA:199,0
DA:201,0
DA:202,0
DA:205,0
DA:206,0
DA:207,0
DA:208,0
DA:210,0
DA:212,0
DA:216,1
DA:217,0
DA:218,0
DA:220,0
DA:221,0
DA:222,0
DA:223,0
DA:225,0
DA:227,0
DA:228,0
DA:232,1
DA:233,0
DA:235,0
DA:236,0
DA:239,0
DA:240,0
DA:242,0
DA:243,0
DA:246,0
DA:248,0
DA:253,1
DA:260,1
DA:261,0
DA:262,0
DA:264,0
DA:265,0
DA:268,0
DA:277,0
DA:278,0
DA:280,0
DA:281,0
DA:287,1
DA:288,0
DA:289,0
DA:290,0
DA:292,0
DA:296,1
DA:297,0
DA:299,0
DA:300,0
DA:303,0
DA:304,0
DA:305,0
DA:306,0
DA:308,0
DA:310,0
DA:314,1
DA:315,0
DA:316,0
DA:317,0
DA:318,0
DA:320,0
DA:321,0
DA:326,1
DA:327,0
DA:328,0
DA:332,1
DA:333,0
LF:146
LH:35
BRDA:13,0,0,1
BRDA:13,0,1,0
BRDA:99,1,0,0
BRDA:99,1,1,0
BRDA:101,2,0,0
BRDA:101,2,1,0
BRDA:106,3,0,0
BRDA:106,3,1,0
BRDA:126,4,0,0
BRDA:126,4,1,0
BRDA:134,5,0,0
BRDA:134,5,1,0
BRDA:152,6,0,0
BRDA:152,6,1,0
BRDA:152,7,0,0
BRDA:152,7,1,0
BRDA:158,8,0,0
BRDA:158,8,1,0
BRDA:158,9,0,0
BRDA:158,9,1,0
BRDA:162,10,0,0
BRDA:162,10,1,0
BRDA:176,11,0,0
BRDA:176,11,1,0
BRDA:176,12,0,0
BRDA:176,12,1,0
BRDA:176,12,2,0
BRDA:176,12,3,0
BRDA:201,13,0,0
BRDA:201,13,1,0
BRDA:207,14,0,0
BRDA:207,14,1,0
BRDA:222,15,0,0
BRDA:222,15,1,0
BRDA:235,16,0,0
BRDA:235,16,1,0
BRDA:242,17,0,0
BRDA:242,17,1,0
BRDA:264,18,0,0
BRDA:264,18,1,0
BRDA:264,19,0,0
BRDA:264,19,1,0
BRDA:264,19,2,0
BRDA:299,20,0,0
BRDA:299,20,1,0
BRDA:305,21,0,0
BRDA:305,21,1,0
BRF:47
BRH:1
end_of_record
